0 info it worked if it ends with ok
1 verbose cli [ '/usr/bin/node', '/usr/bin/npm', 'install' ]
2 info using npm@1.4.28
3 info using node@v0.10.33
4 verbose node symlink /usr/bin/node
5 verbose readDependencies using package.json deps
6 verbose install where, deps [ '/var/www/js/node-map',
6 verbose install   [ 'body-parser',
6 verbose install     'cookie-parser',
6 verbose install     'debug',
6 verbose install     'ejs',
6 verbose install     'express',
6 verbose install     'express-session',
6 verbose install     'mongoose',
6 verbose install     'morgan',
6 verbose install     'serve-favicon' ] ]
7 info preinstall simple@0.0.0
8 verbose readDependencies using package.json deps
9 verbose cache add [ 'body-parser@~1.8.1', null ]
10 verbose cache add name=undefined spec="body-parser@~1.8.1" args=["body-parser@~1.8.1",null]
11 verbose parsed url { protocol: null,
11 verbose parsed url   slashes: null,
11 verbose parsed url   auth: null,
11 verbose parsed url   host: null,
11 verbose parsed url   port: null,
11 verbose parsed url   hostname: null,
11 verbose parsed url   hash: null,
11 verbose parsed url   search: null,
11 verbose parsed url   query: null,
11 verbose parsed url   pathname: 'body-parser@~1.8.1',
11 verbose parsed url   path: 'body-parser@~1.8.1',
11 verbose parsed url   href: 'body-parser@~1.8.1' }
12 verbose cache add [ 'cookie-parser@~1.3.3', null ]
13 verbose cache add name=undefined spec="cookie-parser@~1.3.3" args=["cookie-parser@~1.3.3",null]
14 verbose parsed url { protocol: null,
14 verbose parsed url   slashes: null,
14 verbose parsed url   auth: null,
14 verbose parsed url   host: null,
14 verbose parsed url   port: null,
14 verbose parsed url   hostname: null,
14 verbose parsed url   hash: null,
14 verbose parsed url   search: null,
14 verbose parsed url   query: null,
14 verbose parsed url   pathname: 'cookie-parser@~1.3.3',
14 verbose parsed url   path: 'cookie-parser@~1.3.3',
14 verbose parsed url   href: 'cookie-parser@~1.3.3' }
15 verbose cache add [ 'debug@~2.0.0', null ]
16 verbose cache add name=undefined spec="debug@~2.0.0" args=["debug@~2.0.0",null]
17 verbose parsed url { protocol: null,
17 verbose parsed url   slashes: null,
17 verbose parsed url   auth: null,
17 verbose parsed url   host: null,
17 verbose parsed url   port: null,
17 verbose parsed url   hostname: null,
17 verbose parsed url   hash: null,
17 verbose parsed url   search: null,
17 verbose parsed url   query: null,
17 verbose parsed url   pathname: 'debug@~2.0.0',
17 verbose parsed url   path: 'debug@~2.0.0',
17 verbose parsed url   href: 'debug@~2.0.0' }
18 verbose cache add [ 'ejs@~0.8.5', null ]
19 verbose cache add name=undefined spec="ejs@~0.8.5" args=["ejs@~0.8.5",null]
20 verbose parsed url { protocol: null,
20 verbose parsed url   slashes: null,
20 verbose parsed url   auth: null,
20 verbose parsed url   host: null,
20 verbose parsed url   port: null,
20 verbose parsed url   hostname: null,
20 verbose parsed url   hash: null,
20 verbose parsed url   search: null,
20 verbose parsed url   query: null,
20 verbose parsed url   pathname: 'ejs@~0.8.5',
20 verbose parsed url   path: 'ejs@~0.8.5',
20 verbose parsed url   href: 'ejs@~0.8.5' }
21 verbose cache add name="body-parser" spec="~1.8.1" args=["body-parser","~1.8.1"]
22 verbose parsed url { protocol: null,
22 verbose parsed url   slashes: null,
22 verbose parsed url   auth: null,
22 verbose parsed url   host: null,
22 verbose parsed url   port: null,
22 verbose parsed url   hostname: null,
22 verbose parsed url   hash: null,
22 verbose parsed url   search: null,
22 verbose parsed url   query: null,
22 verbose parsed url   pathname: '~1.8.1',
22 verbose parsed url   path: '~1.8.1',
22 verbose parsed url   href: '~1.8.1' }
23 verbose addNamed [ 'body-parser', '~1.8.1' ]
24 verbose addNamed [ null, '>=1.8.1-0 <1.9.0-0' ]
25 verbose cache add name="cookie-parser" spec="~1.3.3" args=["cookie-parser","~1.3.3"]
26 verbose parsed url { protocol: null,
26 verbose parsed url   slashes: null,
26 verbose parsed url   auth: null,
26 verbose parsed url   host: null,
26 verbose parsed url   port: null,
26 verbose parsed url   hostname: null,
26 verbose parsed url   hash: null,
26 verbose parsed url   search: null,
26 verbose parsed url   query: null,
26 verbose parsed url   pathname: '~1.3.3',
26 verbose parsed url   path: '~1.3.3',
26 verbose parsed url   href: '~1.3.3' }
27 verbose addNamed [ 'cookie-parser', '~1.3.3' ]
28 verbose addNamed [ null, '>=1.3.3-0 <1.4.0-0' ]
29 verbose cache add name="debug" spec="~2.0.0" args=["debug","~2.0.0"]
30 verbose parsed url { protocol: null,
30 verbose parsed url   slashes: null,
30 verbose parsed url   auth: null,
30 verbose parsed url   host: null,
30 verbose parsed url   port: null,
30 verbose parsed url   hostname: null,
30 verbose parsed url   hash: null,
30 verbose parsed url   search: null,
30 verbose parsed url   query: null,
30 verbose parsed url   pathname: '~2.0.0',
30 verbose parsed url   path: '~2.0.0',
30 verbose parsed url   href: '~2.0.0' }
31 verbose addNamed [ 'debug', '~2.0.0' ]
32 verbose addNamed [ null, '>=2.0.0-0 <2.1.0-0' ]
33 verbose cache add [ 'express@~4.9.0', null ]
34 verbose cache add name=undefined spec="express@~4.9.0" args=["express@~4.9.0",null]
35 verbose parsed url { protocol: null,
35 verbose parsed url   slashes: null,
35 verbose parsed url   auth: null,
35 verbose parsed url   host: null,
35 verbose parsed url   port: null,
35 verbose parsed url   hostname: null,
35 verbose parsed url   hash: null,
35 verbose parsed url   search: null,
35 verbose parsed url   query: null,
35 verbose parsed url   pathname: 'express@~4.9.0',
35 verbose parsed url   path: 'express@~4.9.0',
35 verbose parsed url   href: 'express@~4.9.0' }
36 verbose cache add [ 'express-session@^1.9.3', null ]
37 verbose cache add name=undefined spec="express-session@^1.9.3" args=["express-session@^1.9.3",null]
38 verbose parsed url { protocol: null,
38 verbose parsed url   slashes: null,
38 verbose parsed url   auth: null,
38 verbose parsed url   host: null,
38 verbose parsed url   port: null,
38 verbose parsed url   hostname: null,
38 verbose parsed url   hash: null,
38 verbose parsed url   search: null,
38 verbose parsed url   query: null,
38 verbose parsed url   pathname: 'express-session@^1.9.3',
38 verbose parsed url   path: 'express-session@^1.9.3',
38 verbose parsed url   href: 'express-session@^1.9.3' }
39 verbose cache add [ 'mongoose@^3.8.20', null ]
40 verbose cache add name=undefined spec="mongoose@^3.8.20" args=["mongoose@^3.8.20",null]
41 verbose parsed url { protocol: null,
41 verbose parsed url   slashes: null,
41 verbose parsed url   auth: null,
41 verbose parsed url   host: null,
41 verbose parsed url   port: null,
41 verbose parsed url   hostname: null,
41 verbose parsed url   hash: null,
41 verbose parsed url   search: null,
41 verbose parsed url   query: null,
41 verbose parsed url   pathname: 'mongoose@^3.8.20',
41 verbose parsed url   path: 'mongoose@^3.8.20',
41 verbose parsed url   href: 'mongoose@^3.8.20' }
42 verbose cache add name="ejs" spec="~0.8.5" args=["ejs","~0.8.5"]
43 verbose parsed url { protocol: null,
43 verbose parsed url   slashes: null,
43 verbose parsed url   auth: null,
43 verbose parsed url   host: null,
43 verbose parsed url   port: null,
43 verbose parsed url   hostname: null,
43 verbose parsed url   hash: null,
43 verbose parsed url   search: null,
43 verbose parsed url   query: null,
43 verbose parsed url   pathname: '~0.8.5',
43 verbose parsed url   path: '~0.8.5',
43 verbose parsed url   href: '~0.8.5' }
44 verbose addNamed [ 'ejs', '~0.8.5' ]
45 verbose addNamed [ null, '>=0.8.5-0 <0.9.0-0' ]
46 silly lockFile a49948c1-body-parser-1-8-1 body-parser@~1.8.1
47 verbose lock body-parser@~1.8.1 /home/arviind/.npm/a49948c1-body-parser-1-8-1.lock
48 silly lockFile bf5babd8-cookie-parser-1-3-3 cookie-parser@~1.3.3
49 verbose lock cookie-parser@~1.3.3 /home/arviind/.npm/bf5babd8-cookie-parser-1-3-3.lock
50 silly lockFile 12b6356d-debug-2-0-0 debug@~2.0.0
51 verbose lock debug@~2.0.0 /home/arviind/.npm/12b6356d-debug-2-0-0.lock
52 silly lockFile 05610aaa-ejs-0-8-5 ejs@~0.8.5
53 verbose lock ejs@~0.8.5 /home/arviind/.npm/05610aaa-ejs-0-8-5.lock
54 verbose cache add name="express" spec="~4.9.0" args=["express","~4.9.0"]
55 verbose parsed url { protocol: null,
55 verbose parsed url   slashes: null,
55 verbose parsed url   auth: null,
55 verbose parsed url   host: null,
55 verbose parsed url   port: null,
55 verbose parsed url   hostname: null,
55 verbose parsed url   hash: null,
55 verbose parsed url   search: null,
55 verbose parsed url   query: null,
55 verbose parsed url   pathname: '~4.9.0',
55 verbose parsed url   path: '~4.9.0',
55 verbose parsed url   href: '~4.9.0' }
56 verbose addNamed [ 'express', '~4.9.0' ]
57 verbose addNamed [ null, '>=4.9.0-0 <4.10.0-0' ]
58 silly lockFile 6ae7fa08-express-4-9-0 express@~4.9.0
59 verbose lock express@~4.9.0 /home/arviind/.npm/6ae7fa08-express-4-9-0.lock
60 verbose cache add name="express-session" spec="^1.9.3" args=["express-session","^1.9.3"]
61 verbose parsed url { protocol: null,
61 verbose parsed url   slashes: null,
61 verbose parsed url   auth: null,
61 verbose parsed url   host: null,
61 verbose parsed url   port: null,
61 verbose parsed url   hostname: null,
61 verbose parsed url   hash: null,
61 verbose parsed url   search: null,
61 verbose parsed url   query: null,
61 verbose parsed url   pathname: '^1.9.3',
61 verbose parsed url   path: '^1.9.3',
61 verbose parsed url   href: '^1.9.3' }
62 verbose addNamed [ 'express-session', '^1.9.3' ]
63 verbose addNamed [ null, '>=1.9.3-0 <2.0.0-0' ]
64 silly lockFile 35c777f1-express-session-1-9-3 express-session@^1.9.3
65 verbose lock express-session@^1.9.3 /home/arviind/.npm/35c777f1-express-session-1-9-3.lock
66 verbose cache add [ 'morgan@~1.3.0', null ]
67 verbose cache add name=undefined spec="morgan@~1.3.0" args=["morgan@~1.3.0",null]
68 verbose parsed url { protocol: null,
68 verbose parsed url   slashes: null,
68 verbose parsed url   auth: null,
68 verbose parsed url   host: null,
68 verbose parsed url   port: null,
68 verbose parsed url   hostname: null,
68 verbose parsed url   hash: null,
68 verbose parsed url   search: null,
68 verbose parsed url   query: null,
68 verbose parsed url   pathname: 'morgan@~1.3.0',
68 verbose parsed url   path: 'morgan@~1.3.0',
68 verbose parsed url   href: 'morgan@~1.3.0' }
69 verbose cache add [ 'serve-favicon@~2.1.3', null ]
70 verbose cache add name=undefined spec="serve-favicon@~2.1.3" args=["serve-favicon@~2.1.3",null]
71 verbose parsed url { protocol: null,
71 verbose parsed url   slashes: null,
71 verbose parsed url   auth: null,
71 verbose parsed url   host: null,
71 verbose parsed url   port: null,
71 verbose parsed url   hostname: null,
71 verbose parsed url   hash: null,
71 verbose parsed url   search: null,
71 verbose parsed url   query: null,
71 verbose parsed url   pathname: 'serve-favicon@~2.1.3',
71 verbose parsed url   path: 'serve-favicon@~2.1.3',
71 verbose parsed url   href: 'serve-favicon@~2.1.3' }
72 verbose cache add name="mongoose" spec="^3.8.20" args=["mongoose","^3.8.20"]
73 verbose parsed url { protocol: null,
73 verbose parsed url   slashes: null,
73 verbose parsed url   auth: null,
73 verbose parsed url   host: null,
73 verbose parsed url   port: null,
73 verbose parsed url   hostname: null,
73 verbose parsed url   hash: null,
73 verbose parsed url   search: null,
73 verbose parsed url   query: null,
73 verbose parsed url   pathname: '^3.8.20',
73 verbose parsed url   path: '^3.8.20',
73 verbose parsed url   href: '^3.8.20' }
74 verbose addNamed [ 'mongoose', '^3.8.20' ]
75 verbose addNamed [ null, '>=3.8.20-0 <4.0.0-0' ]
76 silly lockFile f7a39a0b-mongoose-3-8-20 mongoose@^3.8.20
77 verbose lock mongoose@^3.8.20 /home/arviind/.npm/f7a39a0b-mongoose-3-8-20.lock
78 verbose cache add name="morgan" spec="~1.3.0" args=["morgan","~1.3.0"]
79 verbose parsed url { protocol: null,
79 verbose parsed url   slashes: null,
79 verbose parsed url   auth: null,
79 verbose parsed url   host: null,
79 verbose parsed url   port: null,
79 verbose parsed url   hostname: null,
79 verbose parsed url   hash: null,
79 verbose parsed url   search: null,
79 verbose parsed url   query: null,
79 verbose parsed url   pathname: '~1.3.0',
79 verbose parsed url   path: '~1.3.0',
79 verbose parsed url   href: '~1.3.0' }
80 verbose addNamed [ 'morgan', '~1.3.0' ]
81 verbose addNamed [ null, '>=1.3.0-0 <1.4.0-0' ]
82 silly lockFile a4a9bdf4-morgan-1-3-0 morgan@~1.3.0
83 verbose lock morgan@~1.3.0 /home/arviind/.npm/a4a9bdf4-morgan-1-3-0.lock
84 verbose cache add name="serve-favicon" spec="~2.1.3" args=["serve-favicon","~2.1.3"]
85 verbose parsed url { protocol: null,
85 verbose parsed url   slashes: null,
85 verbose parsed url   auth: null,
85 verbose parsed url   host: null,
85 verbose parsed url   port: null,
85 verbose parsed url   hostname: null,
85 verbose parsed url   hash: null,
85 verbose parsed url   search: null,
85 verbose parsed url   query: null,
85 verbose parsed url   pathname: '~2.1.3',
85 verbose parsed url   path: '~2.1.3',
85 verbose parsed url   href: '~2.1.3' }
86 verbose addNamed [ 'serve-favicon', '~2.1.3' ]
87 verbose addNamed [ null, '>=2.1.3-0 <2.2.0-0' ]
88 silly lockFile 38295489-serve-favicon-2-1-3 serve-favicon@~2.1.3
89 verbose lock serve-favicon@~2.1.3 /home/arviind/.npm/38295489-serve-favicon-2-1-3.lock
90 silly addNameRange { name: 'body-parser',
90 silly addNameRange   range: '>=1.8.1-0 <1.9.0-0',
90 silly addNameRange   hasData: false }
91 silly addNameRange { name: 'cookie-parser',
91 silly addNameRange   range: '>=1.3.3-0 <1.4.0-0',
91 silly addNameRange   hasData: false }
92 silly addNameRange { name: 'debug', range: '>=2.0.0-0 <2.1.0-0', hasData: false }
93 silly addNameRange { name: 'express-session',
93 silly addNameRange   range: '>=1.9.3-0 <2.0.0-0',
93 silly addNameRange   hasData: false }
94 silly addNameRange { name: 'ejs', range: '>=0.8.5-0 <0.9.0-0', hasData: false }
95 silly addNameRange { name: 'express', range: '>=4.9.0-0 <4.10.0-0', hasData: false }
96 silly addNameRange { name: 'mongoose',
96 silly addNameRange   range: '>=3.8.20-0 <4.0.0-0',
96 silly addNameRange   hasData: false }
97 silly addNameRange { name: 'morgan', range: '>=1.3.0-0 <1.4.0-0', hasData: false }
98 silly addNameRange { name: 'serve-favicon',
98 silly addNameRange   range: '>=2.1.3-0 <2.2.0-0',
98 silly addNameRange   hasData: false }
99 verbose request where is /cookie-parser
100 verbose request registry http://registry.npmjs.org/
101 verbose request id a0e5c825084f8506
102 verbose url raw /cookie-parser
103 verbose url resolving [ 'http://registry.npmjs.org/', './cookie-parser' ]
104 verbose url resolved http://registry.npmjs.org/cookie-parser
105 verbose request where is http://registry.npmjs.org/cookie-parser
106 info trying registry request attempt 1 at 22:02:16
107 verbose etag "D2I21Z55J0M83YHA636O1DW9K"
108 http GET http://registry.npmjs.org/cookie-parser
109 verbose request where is /body-parser
110 verbose request registry http://registry.npmjs.org/
111 verbose url raw /body-parser
112 verbose url resolving [ 'http://registry.npmjs.org/', './body-parser' ]
113 verbose url resolved http://registry.npmjs.org/body-parser
114 verbose request where is http://registry.npmjs.org/body-parser
115 info trying registry request attempt 1 at 22:02:16
116 verbose etag "D50YWX8L0PQWHRVLT5RVLQ2VE"
117 http GET http://registry.npmjs.org/body-parser
118 verbose request where is /express-session
119 verbose request registry http://registry.npmjs.org/
120 verbose url raw /express-session
121 verbose url resolving [ 'http://registry.npmjs.org/', './express-session' ]
122 verbose url resolved http://registry.npmjs.org/express-session
123 verbose request where is http://registry.npmjs.org/express-session
124 info trying registry request attempt 1 at 22:02:16
125 verbose etag "EC2H89VOH2XN5XAKPA59A9LUM"
126 http GET http://registry.npmjs.org/express-session
127 verbose request where is /debug
128 verbose request registry http://registry.npmjs.org/
129 verbose url raw /debug
130 verbose url resolving [ 'http://registry.npmjs.org/', './debug' ]
131 verbose url resolved http://registry.npmjs.org/debug
132 verbose request where is http://registry.npmjs.org/debug
133 info trying registry request attempt 1 at 22:02:16
134 verbose etag "57WL6BOFFHV27PP9K311DRHD1"
135 http GET http://registry.npmjs.org/debug
136 verbose request where is /ejs
137 verbose request registry http://registry.npmjs.org/
138 verbose url raw /ejs
139 verbose url resolving [ 'http://registry.npmjs.org/', './ejs' ]
140 verbose url resolved http://registry.npmjs.org/ejs
141 verbose request where is http://registry.npmjs.org/ejs
142 info trying registry request attempt 1 at 22:02:16
143 verbose etag "15TJWYSPTT04PG8RFMKMQ8233"
144 http GET http://registry.npmjs.org/ejs
145 verbose request where is /serve-favicon
146 verbose request registry http://registry.npmjs.org/
147 verbose url raw /serve-favicon
148 verbose url resolving [ 'http://registry.npmjs.org/', './serve-favicon' ]
149 verbose url resolved http://registry.npmjs.org/serve-favicon
150 verbose request where is http://registry.npmjs.org/serve-favicon
151 info trying registry request attempt 1 at 22:02:16
152 verbose etag "32DME59ARJISQ6B7SM9GQJ65I"
153 http GET http://registry.npmjs.org/serve-favicon
154 verbose request where is /express
155 verbose request registry http://registry.npmjs.org/
156 verbose url raw /express
157 verbose url resolving [ 'http://registry.npmjs.org/', './express' ]
158 verbose url resolved http://registry.npmjs.org/express
159 verbose request where is http://registry.npmjs.org/express
160 info trying registry request attempt 1 at 22:02:16
161 verbose etag "A9VIFC4UZUN0BS73CT9KFIRJJ"
162 http GET http://registry.npmjs.org/express
163 verbose request where is /morgan
164 verbose request registry http://registry.npmjs.org/
165 verbose url raw /morgan
166 verbose url resolving [ 'http://registry.npmjs.org/', './morgan' ]
167 verbose url resolved http://registry.npmjs.org/morgan
168 verbose request where is http://registry.npmjs.org/morgan
169 info trying registry request attempt 1 at 22:02:16
170 verbose etag "4DVWNA8L3K2DS47U133BGJPI2"
171 http GET http://registry.npmjs.org/morgan
172 verbose request where is /mongoose
173 verbose request registry http://registry.npmjs.org/
174 verbose url raw /mongoose
175 verbose url resolving [ 'http://registry.npmjs.org/', './mongoose' ]
176 verbose url resolved http://registry.npmjs.org/mongoose
177 verbose request where is http://registry.npmjs.org/mongoose
178 info trying registry request attempt 1 at 22:02:16
179 verbose etag "AL727X167IYFUM3OTD4VZVXSX"
180 http GET http://registry.npmjs.org/mongoose
181 http 200 http://registry.npmjs.org/debug
182 silly registry.get cb [ 200,
182 silly registry.get   { server: 'CouchDB/1.5.0 (Erlang OTP/R14B04)',
182 silly registry.get     etag: '"CM1LNN7D47C5G10YNE04A7O8S"',
182 silly registry.get     'content-type': 'application/json',
182 silly registry.get     'cache-control': 'max-age=60',
182 silly registry.get     'content-length': '29875',
182 silly registry.get     'accept-ranges': 'bytes',
182 silly registry.get     date: 'Mon, 05 Jan 2015 16:32:17 GMT',
182 silly registry.get     via: '1.1 varnish',
182 silly registry.get     age: '0',
182 silly registry.get     connection: 'keep-alive',
182 silly registry.get     'x-served-by': 'cache-sn89-SIN',
182 silly registry.get     'x-cache': 'HIT',
182 silly registry.get     'x-cache-hits': '1',
182 silly registry.get     'x-timer': 'S1420475537.206354,VS0,VE241',
182 silly registry.get     vary: 'Accept' } ]
183 http 200 http://registry.npmjs.org/cookie-parser
184 silly registry.get cb [ 200,
184 silly registry.get   { server: 'CouchDB/1.5.0 (Erlang OTP/R16B03)',
184 silly registry.get     etag: '"DDKJHDWHHJC6DWGLE2O7KQ8MK"',
184 silly registry.get     'content-type': 'application/json',
184 silly registry.get     'cache-control': 'max-age=60',
184 silly registry.get     'content-length': '14236',
184 silly registry.get     'accept-ranges': 'bytes',
184 silly registry.get     date: 'Mon, 05 Jan 2015 16:32:17 GMT',
184 silly registry.get     via: '1.1 varnish',
184 silly registry.get     age: '0',
184 silly registry.get     connection: 'keep-alive',
184 silly registry.get     'x-served-by': 'cache-sn88-SIN',
184 silly registry.get     'x-cache': 'HIT',
184 silly registry.get     'x-cache-hits': '1',
184 silly registry.get     'x-timer': 'S1420475537.253994,VS0,VE247',
184 silly registry.get     vary: 'Accept' } ]
185 silly addNameRange number 2 { name: 'debug', range: '>=2.0.0-0 <2.1.0-0', hasData: true }
186 silly addNameRange versions [ 'debug',
186 silly addNameRange   [ '0.0.1',
186 silly addNameRange     '0.1.0',
186 silly addNameRange     '0.2.0',
186 silly addNameRange     '0.3.0',
186 silly addNameRange     '0.4.0',
186 silly addNameRange     '0.4.1',
186 silly addNameRange     '0.5.0',
186 silly addNameRange     '0.6.0',
186 silly addNameRange     '0.7.0',
186 silly addNameRange     '0.7.1',
186 silly addNameRange     '0.7.2',
186 silly addNameRange     '0.7.3',
186 silly addNameRange     '0.7.4',
186 silly addNameRange     '0.8.0',
186 silly addNameRange     '0.8.1',
186 silly addNameRange     '1.0.0',
186 silly addNameRange     '1.0.1',
186 silly addNameRange     '1.0.2',
186 silly addNameRange     '1.0.3',
186 silly addNameRange     '1.0.4',
186 silly addNameRange     '2.0.0',
186 silly addNameRange     '2.1.0',
186 silly addNameRange     '2.1.1' ] ]
187 verbose addNamed [ 'debug', '2.0.0' ]
188 verbose addNamed [ '2.0.0', '2.0.0' ]
189 silly lockFile 095bd820-debug-2-0-0 debug@2.0.0
190 verbose lock debug@2.0.0 /home/arviind/.npm/095bd820-debug-2-0-0.lock
191 silly addNameRange number 2 { name: 'cookie-parser',
191 silly addNameRange   range: '>=1.3.3-0 <1.4.0-0',
191 silly addNameRange   hasData: true }
192 silly addNameRange versions [ 'cookie-parser',
192 silly addNameRange   [ '1.0.0',
192 silly addNameRange     '1.0.1',
192 silly addNameRange     '1.1.0',
192 silly addNameRange     '1.2.0',
192 silly addNameRange     '1.3.0',
192 silly addNameRange     '1.3.1',
192 silly addNameRange     '1.3.2',
192 silly addNameRange     '1.3.3' ] ]
193 verbose addNamed [ 'cookie-parser', '1.3.3' ]
194 verbose addNamed [ '1.3.3', '1.3.3' ]
195 silly lockFile 68450bd4-cookie-parser-1-3-3 cookie-parser@1.3.3
196 verbose lock cookie-parser@1.3.3 /home/arviind/.npm/68450bd4-cookie-parser-1-3-3.lock
197 silly lockFile 095bd820-debug-2-0-0 debug@2.0.0
198 silly lockFile 095bd820-debug-2-0-0 debug@2.0.0
199 silly lockFile 12b6356d-debug-2-0-0 debug@~2.0.0
200 silly lockFile 12b6356d-debug-2-0-0 debug@~2.0.0
201 silly lockFile 68450bd4-cookie-parser-1-3-3 cookie-parser@1.3.3
202 silly lockFile 68450bd4-cookie-parser-1-3-3 cookie-parser@1.3.3
203 silly lockFile bf5babd8-cookie-parser-1-3-3 cookie-parser@~1.3.3
204 silly lockFile bf5babd8-cookie-parser-1-3-3 cookie-parser@~1.3.3
205 http 200 http://registry.npmjs.org/body-parser
206 silly registry.get cb [ 200,
206 silly registry.get   { server: 'CouchDB/1.5.0 (Erlang OTP/R14B04)',
206 silly registry.get     etag: '"3CQN6PTFA5GIYUFRX17N433B3"',
206 silly registry.get     'content-type': 'application/json',
206 silly registry.get     'cache-control': 'max-age=60',
206 silly registry.get     'content-length': '77842',
206 silly registry.get     'accept-ranges': 'bytes',
206 silly registry.get     date: 'Mon, 05 Jan 2015 16:32:17 GMT',
206 silly registry.get     via: '1.1 varnish',
206 silly registry.get     age: '0',
206 silly registry.get     connection: 'keep-alive',
206 silly registry.get     'x-served-by': 'cache-sn89-SIN',
206 silly registry.get     'x-cache': 'HIT',
206 silly registry.get     'x-cache-hits': '1',
206 silly registry.get     'x-timer': 'S1420475537.237788,VS0,VE200',
206 silly registry.get     vary: 'Accept' } ]
207 silly addNameRange number 2 { name: 'body-parser',
207 silly addNameRange   range: '>=1.8.1-0 <1.9.0-0',
207 silly addNameRange   hasData: true }
208 silly addNameRange versions [ 'body-parser',
208 silly addNameRange   [ '1.0.0',
208 silly addNameRange     '1.0.1',
208 silly addNameRange     '1.0.2',
208 silly addNameRange     '1.1.0',
208 silly addNameRange     '1.1.1',
208 silly addNameRange     '1.1.2',
208 silly addNameRange     '1.2.0',
208 silly addNameRange     '1.2.1',
208 silly addNameRange     '1.2.2',
208 silly addNameRange     '1.3.0',
208 silly addNameRange     '1.3.1',
208 silly addNameRange     '1.4.0',
208 silly addNameRange     '1.4.1',
208 silly addNameRange     '1.4.2',
208 silly addNameRange     '1.4.3',
208 silly addNameRange     '1.5.0',
208 silly addNameRange     '1.5.1',
208 silly addNameRange     '1.5.2',
208 silly addNameRange     '1.6.0',
208 silly addNameRange     '1.6.1',
208 silly addNameRange     '1.6.2',
208 silly addNameRange     '1.6.3',
208 silly addNameRange     '1.6.4',
208 silly addNameRange     '1.6.5',
208 silly addNameRange     '1.6.6',
208 silly addNameRange     '1.6.7',
208 silly addNameRange     '1.7.0',
208 silly addNameRange     '1.8.0',
208 silly addNameRange     '1.8.1',
208 silly addNameRange     '1.8.2',
208 silly addNameRange     '1.8.3',
208 silly addNameRange     '1.8.4',
208 silly addNameRange     '1.9.0',
208 silly addNameRange     '1.9.1',
208 silly addNameRange     '1.9.2',
208 silly addNameRange     '1.9.3',
208 silly addNameRange     '1.10.0',
208 silly addNameRange     '1.10.1' ] ]
209 verbose addNamed [ 'body-parser', '1.8.4' ]
210 verbose addNamed [ '1.8.4', '1.8.4' ]
211 silly lockFile 5cba912c-body-parser-1-8-4 body-parser@1.8.4
212 verbose lock body-parser@1.8.4 /home/arviind/.npm/5cba912c-body-parser-1-8-4.lock
213 silly lockFile 5cba912c-body-parser-1-8-4 body-parser@1.8.4
214 silly lockFile 5cba912c-body-parser-1-8-4 body-parser@1.8.4
215 silly lockFile a49948c1-body-parser-1-8-1 body-parser@~1.8.1
216 silly lockFile a49948c1-body-parser-1-8-1 body-parser@~1.8.1
217 http 200 http://registry.npmjs.org/express-session
218 silly registry.get cb [ 200,
218 silly registry.get   { server: 'CouchDB/1.5.0 (Erlang OTP/R16B03)',
218 silly registry.get     etag: '"75RQSFGBTCIP46BKVASSZ00L5"',
218 silly registry.get     'content-type': 'application/json',
218 silly registry.get     'cache-control': 'max-age=60',
218 silly registry.get     'content-length': '64746',
218 silly registry.get     'accept-ranges': 'bytes',
218 silly registry.get     date: 'Mon, 05 Jan 2015 16:32:17 GMT',
218 silly registry.get     via: '1.1 varnish',
218 silly registry.get     age: '0',
218 silly registry.get     connection: 'keep-alive',
218 silly registry.get     'x-served-by': 'cache-sn86-SIN',
218 silly registry.get     'x-cache': 'HIT',
218 silly registry.get     'x-cache-hits': '1',
218 silly registry.get     'x-timer': 'S1420475537.260782,VS0,VE242',
218 silly registry.get     vary: 'Accept' } ]
219 silly addNameRange number 2 { name: 'express-session',
219 silly addNameRange   range: '>=1.9.3-0 <2.0.0-0',
219 silly addNameRange   hasData: true }
220 silly addNameRange versions [ 'express-session',
220 silly addNameRange   [ '1.0.0',
220 silly addNameRange     '1.0.1',
220 silly addNameRange     '1.0.2',
220 silly addNameRange     '1.0.3',
220 silly addNameRange     '1.0.4',
220 silly addNameRange     '1.1.0',
220 silly addNameRange     '1.2.0',
220 silly addNameRange     '1.2.1',
220 silly addNameRange     '1.3.0',
220 silly addNameRange     '1.3.1',
220 silly addNameRange     '1.4.0',
220 silly addNameRange     '1.5.0',
220 silly addNameRange     '1.5.1',
220 silly addNameRange     '1.5.2',
220 silly addNameRange     '1.6.0',
220 silly addNameRange     '1.6.1',
220 silly addNameRange     '1.6.2',
220 silly addNameRange     '1.6.3',
220 silly addNameRange     '1.6.4',
220 silly addNameRange     '1.6.5',
220 silly addNameRange     '1.7.0',
220 silly addNameRange     '1.7.1',
220 silly addNameRange     '1.7.2',
220 silly addNameRange     '1.7.3',
220 silly addNameRange     '1.7.4',
220 silly addNameRange     '1.7.5',
220 silly addNameRange     '1.7.6',
220 silly addNameRange     '1.8.0',
220 silly addNameRange     '1.8.1',
220 silly addNameRange     '1.8.2',
220 silly addNameRange     '1.9.0',
220 silly addNameRange     '1.9.1',
220 silly addNameRange     '1.9.2',
220 silly addNameRange     '1.9.3' ] ]
221 verbose addNamed [ 'express-session', '1.9.3' ]
222 verbose addNamed [ '1.9.3', '1.9.3' ]
223 silly lockFile b367e894-express-session-1-9-3 express-session@1.9.3
224 verbose lock express-session@1.9.3 /home/arviind/.npm/b367e894-express-session-1-9-3.lock
225 silly lockFile 531fd85b-ession-express-session-1-9-3-tgz http://registry.npmjs.org/express-session/-/express-session-1.9.3.tgz
226 verbose lock http://registry.npmjs.org/express-session/-/express-session-1.9.3.tgz /home/arviind/.npm/531fd85b-ession-express-session-1-9-3-tgz.lock
227 verbose addRemoteTarball [ 'http://registry.npmjs.org/express-session/-/express-session-1.9.3.tgz',
227 verbose addRemoteTarball   '7d2fc387af6fd928775213bfe9d635a5705a84ce' ]
228 info retry fetch attempt 1 at 22:02:18
229 verbose fetch to= /tmp/npm-5729-4b2OK27f/registry.npmjs.org/express-session/-/express-session-1.9.3.tgz
230 http GET http://registry.npmjs.org/express-session/-/express-session-1.9.3.tgz
231 http 200 http://registry.npmjs.org/serve-favicon
232 silly registry.get cb [ 200,
232 silly registry.get   { server: 'CouchDB/1.5.0 (Erlang OTP/R16B03)',
232 silly registry.get     etag: '"YDYZWHTSMHUH8DM7NIC4WKPK"',
232 silly registry.get     'content-type': 'application/json',
232 silly registry.get     'cache-control': 'max-age=60',
232 silly registry.get     'content-length': '20401',
232 silly registry.get     'accept-ranges': 'bytes',
232 silly registry.get     date: 'Mon, 05 Jan 2015 16:32:18 GMT',
232 silly registry.get     via: '1.1 varnish',
232 silly registry.get     age: '0',
232 silly registry.get     connection: 'keep-alive',
232 silly registry.get     'x-served-by': 'cache-sn89-SIN',
232 silly registry.get     'x-cache': 'HIT',
232 silly registry.get     'x-cache-hits': '1',
232 silly registry.get     'x-timer': 'S1420475537.960292,VS0,VE204',
232 silly registry.get     vary: 'Accept' } ]
233 silly addNameRange number 2 { name: 'serve-favicon',
233 silly addNameRange   range: '>=2.1.3-0 <2.2.0-0',
233 silly addNameRange   hasData: true }
234 silly addNameRange versions [ 'serve-favicon',
234 silly addNameRange   [ '2.0.0',
234 silly addNameRange     '2.0.1',
234 silly addNameRange     '2.1.0',
234 silly addNameRange     '2.1.1',
234 silly addNameRange     '2.1.2',
234 silly addNameRange     '2.1.3',
234 silly addNameRange     '2.1.4',
234 silly addNameRange     '2.1.5',
234 silly addNameRange     '2.1.6',
234 silly addNameRange     '2.1.7',
234 silly addNameRange     '2.2.0' ] ]
235 verbose addNamed [ 'serve-favicon', '2.1.7' ]
236 verbose addNamed [ '2.1.7', '2.1.7' ]
237 silly lockFile 041e16ae-serve-favicon-2-1-7 serve-favicon@2.1.7
238 verbose lock serve-favicon@2.1.7 /home/arviind/.npm/041e16ae-serve-favicon-2-1-7.lock
239 silly lockFile 041e16ae-serve-favicon-2-1-7 serve-favicon@2.1.7
240 silly lockFile 041e16ae-serve-favicon-2-1-7 serve-favicon@2.1.7
241 silly lockFile 38295489-serve-favicon-2-1-3 serve-favicon@~2.1.3
242 silly lockFile 38295489-serve-favicon-2-1-3 serve-favicon@~2.1.3
243 http 200 http://registry.npmjs.org/morgan
244 silly registry.get cb [ 200,
244 silly registry.get   { server: 'CouchDB/1.5.0 (Erlang OTP/R16B03)',
244 silly registry.get     etag: '"5GB169AIMOSXLXSBY1XBDUPBB"',
244 silly registry.get     'content-type': 'application/json',
244 silly registry.get     'cache-control': 'max-age=60',
244 silly registry.get     'content-length': '33616',
244 silly registry.get     'accept-ranges': 'bytes',
244 silly registry.get     date: 'Mon, 05 Jan 2015 16:32:18 GMT',
244 silly registry.get     via: '1.1 varnish',
244 silly registry.get     age: '0',
244 silly registry.get     connection: 'keep-alive',
244 silly registry.get     'x-served-by': 'cache-sn89-SIN',
244 silly registry.get     'x-cache': 'HIT',
244 silly registry.get     'x-cache-hits': '1',
244 silly registry.get     'x-timer': 'S1420475538.239266,VS0,VE202',
244 silly registry.get     vary: 'Accept' } ]
245 silly addNameRange number 2 { name: 'morgan', range: '>=1.3.0-0 <1.4.0-0', hasData: true }
246 silly addNameRange versions [ 'morgan',
246 silly addNameRange   [ '1.0.0',
246 silly addNameRange     '1.0.1',
246 silly addNameRange     '1.1.0',
246 silly addNameRange     '1.1.1',
246 silly addNameRange     '1.2.0',
246 silly addNameRange     '1.2.1',
246 silly addNameRange     '1.2.2',
246 silly addNameRange     '1.2.3',
246 silly addNameRange     '1.3.0',
246 silly addNameRange     '1.3.1',
246 silly addNameRange     '1.3.2',
246 silly addNameRange     '1.4.0',
246 silly addNameRange     '1.4.1',
246 silly addNameRange     '1.5.0',
246 silly addNameRange     '1.5.1' ] ]
247 verbose addNamed [ 'morgan', '1.3.2' ]
248 verbose addNamed [ '1.3.2', '1.3.2' ]
249 silly lockFile 7e2b41c6-morgan-1-3-2 morgan@1.3.2
250 verbose lock morgan@1.3.2 /home/arviind/.npm/7e2b41c6-morgan-1-3-2.lock
251 silly lockFile 7e2b41c6-morgan-1-3-2 morgan@1.3.2
252 silly lockFile 7e2b41c6-morgan-1-3-2 morgan@1.3.2
253 silly lockFile a4a9bdf4-morgan-1-3-0 morgan@~1.3.0
254 silly lockFile a4a9bdf4-morgan-1-3-0 morgan@~1.3.0
255 http 200 http://registry.npmjs.org/ejs
256 silly registry.get cb [ 200,
256 silly registry.get   { server: 'CouchDB/1.5.0 (Erlang OTP/R16B03)',
256 silly registry.get     etag: '"819F2BW3I57M4N10ZSVB8N2DS"',
256 silly registry.get     'content-type': 'application/json',
256 silly registry.get     'cache-control': 'max-age=60',
256 silly registry.get     'content-length': '30066',
256 silly registry.get     'accept-ranges': 'bytes',
256 silly registry.get     date: 'Mon, 05 Jan 2015 16:32:18 GMT',
256 silly registry.get     via: '1.1 varnish',
256 silly registry.get     age: '0',
256 silly registry.get     connection: 'keep-alive',
256 silly registry.get     'x-served-by': 'cache-sn86-SIN',
256 silly registry.get     'x-cache': 'HIT',
256 silly registry.get     'x-cache-hits': '1',
256 silly registry.get     'x-timer': 'S1420475537.231549,VS0,VE970',
256 silly registry.get     vary: 'Accept' } ]
257 http 200 http://registry.npmjs.org/express-session/-/express-session-1.9.3.tgz
258 silly addNameRange number 2 { name: 'ejs', range: '>=0.8.5-0 <0.9.0-0', hasData: true }
259 silly addNameRange versions [ 'ejs',
259 silly addNameRange   [ '0.0.1',
259 silly addNameRange     '0.0.2',
259 silly addNameRange     '0.0.3',
259 silly addNameRange     '0.0.4',
259 silly addNameRange     '0.1.0',
259 silly addNameRange     '0.2.0',
259 silly addNameRange     '0.2.1',
259 silly addNameRange     '0.3.0',
259 silly addNameRange     '0.3.1',
259 silly addNameRange     '0.4.0',
259 silly addNameRange     '0.4.1',
259 silly addNameRange     '0.4.2',
259 silly addNameRange     '0.4.3',
259 silly addNameRange     '0.5.0',
259 silly addNameRange     '0.6.0',
259 silly addNameRange     '0.6.1',
259 silly addNameRange     '0.7.0',
259 silly addNameRange     '0.7.1',
259 silly addNameRange     '0.7.2',
259 silly addNameRange     '0.8.0',
259 silly addNameRange     '0.8.1',
259 silly addNameRange     '0.8.2',
259 silly addNameRange     '0.8.3',
259 silly addNameRange     '0.8.4',
259 silly addNameRange     '0.8.5',
259 silly addNameRange     '0.8.6',
259 silly addNameRange     '0.8.8',
259 silly addNameRange     '1.0.0',
259 silly addNameRange     '2.0.2',
259 silly addNameRange     '2.0.3',
259 silly addNameRange     '2.0.4',
259 silly addNameRange     '2.0.5',
259 silly addNameRange     '2.0.6' ] ]
260 verbose addNamed [ 'ejs', '0.8.8' ]
261 verbose addNamed [ '0.8.8', '0.8.8' ]
262 silly lockFile 37d7c450-ejs-0-8-8 ejs@0.8.8
263 verbose lock ejs@0.8.8 /home/arviind/.npm/37d7c450-ejs-0-8-8.lock
264 silly lockFile 4786aeaf-stry-npmjs-org-ejs-ejs-0-8-8-tgz http://registry.npmjs.org/ejs/-/ejs-0.8.8.tgz
265 verbose lock http://registry.npmjs.org/ejs/-/ejs-0.8.8.tgz /home/arviind/.npm/4786aeaf-stry-npmjs-org-ejs-ejs-0-8-8-tgz.lock
266 verbose addRemoteTarball [ 'http://registry.npmjs.org/ejs/-/ejs-0.8.8.tgz',
266 verbose addRemoteTarball   'ffdc56dcc35d02926dd50ad13439bbc54061d598' ]
267 info retry fetch attempt 1 at 22:02:18
268 verbose fetch to= /tmp/npm-5729-4b2OK27f/registry.npmjs.org/ejs/-/ejs-0.8.8.tgz
269 http GET http://registry.npmjs.org/ejs/-/ejs-0.8.8.tgz
270 silly lockFile 531fd85b-ession-express-session-1-9-3-tgz http://registry.npmjs.org/express-session/-/express-session-1.9.3.tgz
271 silly lockFile 531fd85b-ession-express-session-1-9-3-tgz http://registry.npmjs.org/express-session/-/express-session-1.9.3.tgz
272 silly lockFile b367e894-express-session-1-9-3 express-session@1.9.3
273 silly lockFile b367e894-express-session-1-9-3 express-session@1.9.3
274 silly lockFile 35c777f1-express-session-1-9-3 express-session@^1.9.3
275 silly lockFile 35c777f1-express-session-1-9-3 express-session@^1.9.3
276 http 200 http://registry.npmjs.org/ejs/-/ejs-0.8.8.tgz
277 silly lockFile 4786aeaf-stry-npmjs-org-ejs-ejs-0-8-8-tgz http://registry.npmjs.org/ejs/-/ejs-0.8.8.tgz
278 silly lockFile 4786aeaf-stry-npmjs-org-ejs-ejs-0-8-8-tgz http://registry.npmjs.org/ejs/-/ejs-0.8.8.tgz
279 silly lockFile 37d7c450-ejs-0-8-8 ejs@0.8.8
280 silly lockFile 37d7c450-ejs-0-8-8 ejs@0.8.8
281 silly lockFile 05610aaa-ejs-0-8-5 ejs@~0.8.5
282 silly lockFile 05610aaa-ejs-0-8-5 ejs@~0.8.5
283 http 200 http://registry.npmjs.org/express
284 silly registry.get cb [ 200,
284 silly registry.get   { server: 'CouchDB/1.5.0 (Erlang OTP/R16B03)',
284 silly registry.get     etag: '"CJVPYS0M2IC94YXWMW8MF8D2C"',
284 silly registry.get     'content-type': 'application/json',
284 silly registry.get     'cache-control': 'max-age=60',
284 silly registry.get     'content-length': '448052',
284 silly registry.get     'accept-ranges': 'bytes',
284 silly registry.get     date: 'Mon, 05 Jan 2015 16:32:18 GMT',
284 silly registry.get     via: '1.1 varnish',
284 silly registry.get     age: '0',
284 silly registry.get     connection: 'keep-alive',
284 silly registry.get     'x-served-by': 'cache-sn88-SIN',
284 silly registry.get     'x-cache': 'HIT',
284 silly registry.get     'x-cache-hits': '1',
284 silly registry.get     'x-timer': 'S1420475537.984770,VS0,VE201',
284 silly registry.get     vary: 'Accept' } ]
285 silly addNameRange number 2 { name: 'express', range: '>=4.9.0-0 <4.10.0-0', hasData: true }
286 silly addNameRange versions [ 'express',
286 silly addNameRange   [ '0.14.0',
286 silly addNameRange     '0.14.1',
286 silly addNameRange     '1.0.0',
286 silly addNameRange     '1.0.1',
286 silly addNameRange     '1.0.2',
286 silly addNameRange     '1.0.3',
286 silly addNameRange     '1.0.4',
286 silly addNameRange     '1.0.5',
286 silly addNameRange     '1.0.6',
286 silly addNameRange     '1.0.7',
286 silly addNameRange     '1.0.8',
286 silly addNameRange     '2.0.0',
286 silly addNameRange     '2.1.0',
286 silly addNameRange     '2.1.1',
286 silly addNameRange     '2.2.0',
286 silly addNameRange     '2.2.1',
286 silly addNameRange     '2.2.2',
286 silly addNameRange     '2.3.0',
286 silly addNameRange     '2.3.1',
286 silly addNameRange     '2.3.2',
286 silly addNameRange     '2.3.3',
286 silly addNameRange     '2.3.4',
286 silly addNameRange     '2.3.5',
286 silly addNameRange     '2.3.6',
286 silly addNameRange     '2.3.7',
286 silly addNameRange     '2.3.8',
286 silly addNameRange     '2.3.9',
286 silly addNameRange     '2.3.10',
286 silly addNameRange     '2.3.11',
286 silly addNameRange     '2.3.12',
286 silly addNameRange     '2.4.0',
286 silly addNameRange     '2.4.1',
286 silly addNameRange     '2.4.2',
286 silly addNameRange     '2.4.3',
286 silly addNameRange     '2.4.4',
286 silly addNameRange     '2.4.5',
286 silly addNameRange     '2.4.6',
286 silly addNameRange     '2.4.7',
286 silly addNameRange     '2.5.0',
286 silly addNameRange     '2.5.1',
286 silly addNameRange     '2.5.2',
286 silly addNameRange     '2.5.3',
286 silly addNameRange     '2.5.4',
286 silly addNameRange     '2.5.5',
286 silly addNameRange     '2.5.6',
286 silly addNameRange     '2.5.7',
286 silly addNameRange     '2.5.8',
286 silly addNameRange     '2.5.9',
286 silly addNameRange     '2.5.10',
286 silly addNameRange     '2.5.11',
286 silly addNameRange     '3.0.0',
286 silly addNameRange     '3.0.1',
286 silly addNameRange     '3.0.2',
286 silly addNameRange     '3.0.3',
286 silly addNameRange     '3.0.4',
286 silly addNameRange     '3.0.5',
286 silly addNameRange     '3.0.6',
286 silly addNameRange     '3.1.0',
286 silly addNameRange     '3.1.1',
286 silly addNameRange     '3.1.2',
286 silly addNameRange     '3.2.0',
286 silly addNameRange     '3.2.1',
286 silly addNameRange     '3.2.2',
286 silly addNameRange     '3.2.3',
286 silly addNameRange     '3.2.4',
286 silly addNameRange     '3.2.5',
286 silly addNameRange     '3.2.6',
286 silly addNameRange     '3.3.0',
286 silly addNameRange     '3.3.1',
286 silly addNameRange     '3.3.2',
286 silly addNameRange     '3.3.3',
286 silly addNameRange     '3.3.4',
286 silly addNameRange     '3.3.5',
286 silly addNameRange     '3.3.6',
286 silly addNameRange     '1.0.0-beta',
286 silly addNameRange     '1.0.0-beta2',
286 silly addNameRange     '1.0.0-rc',
286 silly addNameRange     '1.0.0-rc2',
286 silly addNameRange     '1.0.0-rc3',
286 silly addNameRange     '1.0.0-rc4',
286 silly addNameRange     '2.0.0-beta',
286 silly addNameRange     '2.0.0-beta2',
286 silly addNameRange     '2.0.0-beta3',
286 silly addNameRange     '2.0.0-rc',
286 silly addNameRange     '2.0.0-rc2',
286 silly addNameRange     '2.0.0-rc3',
286 silly addNameRange     '3.0.0-alpha1',
286 silly addNameRange     '3.0.0-alpha2',
286 silly addNameRange     '3.0.0-alpha3',
286 silly addNameRange     '3.0.0-alpha4',
286 silly addNameRange     '3.0.0-alpha5',
286 silly addNameRange     '3.0.0-beta1',
286 silly addNameRange     '3.0.0-beta2',
286 silly addNameRange     '3.0.0-beta3',
286 silly addNameRange     '3.0.0-beta4',
286 silly addNameRange     '3.0.0-beta6',
286 silly addNameRange     '3.0.0-beta7',
286 silly addNameRange     '3.0.0-rc1',
286 silly addNameRange     '3.0.0-rc2',
286 silly addNameRange     '3.0.0-rc3',
286 silly addNameRange     '3.0.0-rc4',
286 silly addNameRange     '3.0.0-rc5',
286 silly addNameRange     '3.3.7',
286 silly addNameRange     '3.3.8',
286 silly addNameRange     '3.4.0',
286 silly addNameRange     '3.4.1',
286 silly addNameRange     '3.4.2',
286 silly addNameRange     '3.4.3',
286 silly addNameRange     '3.4.4',
286 silly addNameRange     '3.4.5',
286 silly addNameRange     '3.4.6',
286 silly addNameRange     '3.4.7',
286 silly addNameRange     '3.4.8',
286 silly addNameRange     '4.0.0-rc1',
286 silly addNameRange     '4.0.0-rc2',
286 silly addNameRange     '3.5.0',
286 silly addNameRange     '4.0.0-rc3',
286 silly addNameRange     '4.0.0-rc4',
286 silly addNameRange     '3.5.1',
286 silly addNameRange     '4.0.0',
286 silly addNameRange     '3.5.2',
286 silly addNameRange     '4.1.0',
286 silly addNameRange     '4.1.1',
286 silly addNameRange     '3.5.3',
286 silly addNameRange     '4.1.2',
286 silly addNameRange     '3.6.0',
286 silly addNameRange     '4.2.0',
286 silly addNameRange     '3.7.0',
286 silly addNameRange     '3.8.0',
286 silly addNameRange     '4.3.0',
286 silly addNameRange     '4.3.1',
286 silly addNameRange     '3.8.1',
286 silly addNameRange     '4.3.2',
286 silly addNameRange     '3.9.0',
286 silly addNameRange     '4.4.0',
286 silly addNameRange     '4.4.1',
286 silly addNameRange     '3.10.0',
286 silly addNameRange     '3.10.1',
286 silly addNameRange     '3.10.2',
286 silly addNameRange     '3.10.3',
286 silly addNameRange     '3.10.4',
286 silly addNameRange     '4.4.2',
286 silly addNameRange     '3.10.5',
286 silly addNameRange     '4.4.3',
286 silly addNameRange     '3.11.0',
286 silly addNameRange     '4.4.4',
286 silly addNameRange     '3.12.0',
286 silly addNameRange     '3.12.1',
286 silly addNameRange     '4.4.5',
286 silly addNameRange     '3.13.0',
286 silly addNameRange     '4.5.0',
286 silly addNameRange     '4.5.1',
286 silly addNameRange     '3.14.0',
286 silly addNameRange     '4.6.0',
286 silly addNameRange     '4.6.1',
286 silly addNameRange     '3.15.0',
286 silly addNameRange     '4.7.0',
286 silly addNameRange     '3.15.1',
286 silly addNameRange     '4.7.1',
286 silly addNameRange     '3.15.2',
286 silly addNameRange     '4.7.2',
286 silly addNameRange     '4.7.3',
286 silly addNameRange     '3.15.3',
286 silly addNameRange     '4.7.4',
286 silly addNameRange     '3.16.0',
286 silly addNameRange     '4.8.0',
286 silly addNameRange     '3.16.1',
286 silly addNameRange     '4.8.1',
286 silly addNameRange     '3.16.2',
286 silly addNameRange     '4.8.2',
286 silly addNameRange     '3.16.3',
286 silly addNameRange     '3.16.4',
286 silly addNameRange     '4.8.3',
286 silly addNameRange     '3.16.5',
286 silly addNameRange     '3.16.6',
286 silly addNameRange     '4.8.4',
286 silly addNameRange     '3.16.7',
286 silly addNameRange     '4.8.5',
286 silly addNameRange     '3.16.8',
286 silly addNameRange     '4.8.6',
286 silly addNameRange     '3.16.9',
286 silly addNameRange     '4.8.7',
286 silly addNameRange     '3.16.10',
286 silly addNameRange     '4.8.8',
286 silly addNameRange     '3.17.0',
286 silly addNameRange     '3.17.1',
286 silly addNameRange     '4.9.0',
286 silly addNameRange     '3.17.2',
286 silly addNameRange     '4.9.1',
286 silly addNameRange     '4.9.2',
286 silly addNameRange     '3.17.3',
286 silly addNameRange     '4.9.3',
286 silly addNameRange     '3.17.4',
286 silly addNameRange     '4.9.4',
286 silly addNameRange     '3.17.5',
286 silly addNameRange     '4.9.5',
286 silly addNameRange     '3.17.6',
286 silly addNameRange     '3.17.7',
286 silly addNameRange     '4.9.6',
286 silly addNameRange     '4.9.7',
286 silly addNameRange     '3.17.8',
286 silly addNameRange     '4.9.8',
286 silly addNameRange     '3.18.0',
286 silly addNameRange     '3.18.1',
286 silly addNameRange     '4.10.0',
286 silly addNameRange     '3.18.2',
286 silly addNameRange     '4.10.1',
286 silly addNameRange     '5.0.0-alpha.1',
286 silly addNameRange     '3.18.3',
286 silly addNameRange     '4.10.2',
286 silly addNameRange     '3.18.4',
286 silly addNameRange     '4.10.3',
286 silly addNameRange     '4.10.4',
286 silly addNameRange     '4.10.5',
286 silly addNameRange     '3.18.5',
286 silly addNameRange     '3.18.6',
286 silly addNameRange     '4.10.6',
286 silly addNameRange     '4.10.7' ] ]
287 verbose addNamed [ 'express', '4.9.8' ]
288 verbose addNamed [ '4.9.8', '4.9.8' ]
289 silly lockFile 3e3a25f6-express-4-9-8 express@4.9.8
290 verbose lock express@4.9.8 /home/arviind/.npm/3e3a25f6-express-4-9-8.lock
291 silly lockFile 3e3a25f6-express-4-9-8 express@4.9.8
292 silly lockFile 3e3a25f6-express-4-9-8 express@4.9.8
293 silly lockFile 6ae7fa08-express-4-9-0 express@~4.9.0
294 silly lockFile 6ae7fa08-express-4-9-0 express@~4.9.0
295 http 200 http://registry.npmjs.org/mongoose
296 silly registry.get cb [ 200,
296 silly registry.get   { server: 'CouchDB/1.5.0 (Erlang OTP/R16B03)',
296 silly registry.get     etag: '"F25PKAYG5QCQZ1O5WC2AO5FUB"',
296 silly registry.get     'content-type': 'application/json',
296 silly registry.get     'cache-control': 'max-age=60',
296 silly registry.get     'content-length': '286596',
296 silly registry.get     'accept-ranges': 'bytes',
296 silly registry.get     date: 'Mon, 05 Jan 2015 16:32:19 GMT',
296 silly registry.get     via: '1.1 varnish',
296 silly registry.get     age: '0',
296 silly registry.get     connection: 'keep-alive',
296 silly registry.get     'x-served-by': 'cache-sn86-SIN',
296 silly registry.get     'x-cache': 'HIT',
296 silly registry.get     'x-cache-hits': '1',
296 silly registry.get     'x-timer': 'S1420475538.336043,VS0,VE983',
296 silly registry.get     vary: 'Accept' } ]
297 silly addNameRange number 2 { name: 'mongoose', range: '>=3.8.20-0 <4.0.0-0', hasData: true }
298 silly addNameRange versions [ 'mongoose',
298 silly addNameRange   [ '0.0.1',
298 silly addNameRange     '0.0.2',
298 silly addNameRange     '0.0.3',
298 silly addNameRange     '0.0.4',
298 silly addNameRange     '0.0.5',
298 silly addNameRange     '1.0.0',
298 silly addNameRange     '1.0.1',
298 silly addNameRange     '1.0.2',
298 silly addNameRange     '0.0.6',
298 silly addNameRange     '1.0.3',
298 silly addNameRange     '1.0.4',
298 silly addNameRange     '1.0.5',
298 silly addNameRange     '1.0.6',
298 silly addNameRange     '1.0.7',
298 silly addNameRange     '1.0.8',
298 silly addNameRange     '1.0.10',
298 silly addNameRange     '1.0.11',
298 silly addNameRange     '1.0.12',
298 silly addNameRange     '1.0.13',
298 silly addNameRange     '1.0.14',
298 silly addNameRange     '1.0.15',
298 silly addNameRange     '1.0.16',
298 silly addNameRange     '1.1.0',
298 silly addNameRange     '1.1.1',
298 silly addNameRange     '1.1.2',
298 silly addNameRange     '1.1.3',
298 silly addNameRange     '1.1.4',
298 silly addNameRange     '1.1.5',
298 silly addNameRange     '1.1.6',
298 silly addNameRange     '1.1.7',
298 silly addNameRange     '1.1.8',
298 silly addNameRange     '1.1.9',
298 silly addNameRange     '1.1.10',
298 silly addNameRange     '1.1.11',
298 silly addNameRange     '1.1.12',
298 silly addNameRange     '1.1.13',
298 silly addNameRange     '1.1.14',
298 silly addNameRange     '1.1.15',
298 silly addNameRange     '1.1.16',
298 silly addNameRange     '1.1.17',
298 silly addNameRange     '1.1.18',
298 silly addNameRange     '1.1.19',
298 silly addNameRange     '1.1.20',
298 silly addNameRange     '1.1.21',
298 silly addNameRange     '1.1.22',
298 silly addNameRange     '1.1.23',
298 silly addNameRange     '1.1.24',
298 silly addNameRange     '1.1.25',
298 silly addNameRange     '1.2.0',
298 silly addNameRange     '1.3.0',
298 silly addNameRange     '1.3.1',
298 silly addNameRange     '1.3.2',
298 silly addNameRange     '1.3.3',
298 silly addNameRange     '1.3.4',
298 silly addNameRange     '1.3.5',
298 silly addNameRange     '1.3.6',
298 silly addNameRange     '1.3.7',
298 silly addNameRange     '1.4.0',
298 silly addNameRange     '1.5.0',
298 silly addNameRange     '1.6.0',
298 silly addNameRange     '1.7.2',
298 silly addNameRange     '1.7.3',
298 silly addNameRange     '1.7.4',
298 silly addNameRange     '1.8.0',
298 silly addNameRange     '1.8.1',
298 silly addNameRange     '1.8.2',
298 silly addNameRange     '1.8.3',
298 silly addNameRange     '1.8.4',
298 silly addNameRange     '2.0.0',
298 silly addNameRange     '2.0.1',
298 silly addNameRange     '2.0.2',
298 silly addNameRange     '2.0.3',
298 silly addNameRange     '2.0.4',
298 silly addNameRange     '2.1.0',
298 silly addNameRange     '2.1.1',
298 silly addNameRange     '2.1.2',
298 silly addNameRange     '2.1.3',
298 silly addNameRange     '2.1.4',
298 silly addNameRange     '2.2.0',
298 silly addNameRange     '2.2.1',
298 silly addNameRange     '2.2.2',
298 silly addNameRange     '2.2.3',
298 silly addNameRange     '2.2.4',
298 silly addNameRange     '2.3.0',
298 silly addNameRange     '2.3.1',
298 silly addNameRange     '2.3.2',
298 silly addNameRange     '2.3.3',
298 silly addNameRange     '2.3.4',
298 silly addNameRange     '2.3.5',
298 silly addNameRange     '2.3.6',
298 silly addNameRange     '2.3.7',
298 silly addNameRange     '2.3.8',
298 silly addNameRange     '2.3.9',
298 silly addNameRange     '2.3.10',
298 silly addNameRange     '2.3.11',
298 silly addNameRange     '2.3.12',
298 silly addNameRange     '2.3.13',
298 silly addNameRange     '2.4.0',
298 silly addNameRange     '2.4.1',
298 silly addNameRange     '2.4.2',
298 silly addNameRange     '2.4.3',
298 silly addNameRange     '2.4.4',
298 silly addNameRange     '2.4.5',
298 silly addNameRange     '2.4.6',
298 silly addNameRange     '2.4.7',
298 silly addNameRange     '2.4.8',
298 silly addNameRange     '2.4.9',
298 silly addNameRange     '2.4.10',
298 silly addNameRange     '2.5.0',
298 silly addNameRange     '2.5.1',
298 silly addNameRange     '2.5.2',
298 silly addNameRange     '2.5.3',
298 silly addNameRange     '2.5.4',
298 silly addNameRange     '2.5.5',
298 silly addNameRange     '2.5.6',
298 silly addNameRange     '2.5.7',
298 silly addNameRange     '2.5.8',
298 silly addNameRange     '2.5.9',
298 silly addNameRange     '2.5.10',
298 silly addNameRange     '2.5.11',
298 silly addNameRange     '2.5.12',
298 silly addNameRange     '2.5.13',
298 silly addNameRange     '2.5.14',
298 silly addNameRange     '2.6.0',
298 silly addNameRange     '2.6.1',
298 silly addNameRange     '2.6.2',
298 silly addNameRange     '2.6.3',
298 silly addNameRange     '2.6.4',
298 silly addNameRange     '2.6.5',
298 silly addNameRange     '2.6.6',
298 silly addNameRange     '2.6.7',
298 silly addNameRange     '2.6.8',
298 silly addNameRange     '2.7.0',
298 silly addNameRange     '2.7.1',
298 silly addNameRange     '2.7.2',
298 silly addNameRange     '2.7.4',
298 silly addNameRange     '2.7.3',
298 silly addNameRange     '3.0.0',
298 silly addNameRange     '3.0.1',
298 silly addNameRange     '3.0.2',
298 silly addNameRange     '2.8.0',
298 silly addNameRange     '3.0.3',
298 silly addNameRange     '3.1.0',
298 silly addNameRange     '2.8.1',
298 silly addNameRange     '3.1.1',
298 silly addNameRange     '2.8.2',
298 silly addNameRange     '2.8.3',
298 silly addNameRange     '2.9.0',
298 silly addNameRange     '3.2.0',
298 silly addNameRange     '2.9.1',
298 silly addNameRange     '3.2.1',
298 silly addNameRange     '2.9.2',
298 silly addNameRange     '3.2.2',
298 silly addNameRange     '3.3.0',
298 silly addNameRange     '3.3.1',
298 silly addNameRange     '2.9.3',
298 silly addNameRange     '3.4.0',
298 silly addNameRange     '2.9.4',
298 silly addNameRange     '2.9.5',
298 silly addNameRange     '3.5.0',
298 silly addNameRange     '3.5.1',
298 silly addNameRange     '3.5.2',
298 silly addNameRange     '3.5.3',
298 silly addNameRange     '2.9.6',
298 silly addNameRange     '2.9.7',
298 silly addNameRange     '3.5.4',
298 silly addNameRange     '3.5.5',
298 silly addNameRange     '2.9.8',
298 silly addNameRange     '2.9.9',
298 silly addNameRange     '3.5.6',
298 silly addNameRange     '3.5.7',
298 silly addNameRange     '3.5.8',
298 silly addNameRange     '2.9.10',
298 silly addNameRange     '3.5.9',
298 silly addNameRange     '3.6.2',
298 silly addNameRange     '3.5.10',
298 silly addNameRange     '3.6.3',
298 silly addNameRange     '3.5.11',
298 silly addNameRange     '3.6.4',
298 silly addNameRange     '3.6.5',
298 silly addNameRange     '3.6.6',
298 silly addNameRange     '3.6.7',
298 silly addNameRange     '3.5.12',
298 silly addNameRange     '3.6.8',
298 silly addNameRange     '3.6.9',
298 silly addNameRange     '3.6.10',
298 silly addNameRange     '3.5.13',
298 silly addNameRange     '3.5.14',
298 silly addNameRange     '3.6.11',
298 silly addNameRange     '3.6.12',
298 silly addNameRange     '3.6.13',
298 silly addNameRange     '3.6.14',
298 silly addNameRange     '3.6.15',
298 silly addNameRange     '3.5.15',
298 silly addNameRange     '3.7.0',
298 silly addNameRange     '3.6.16',
298 silly addNameRange     '3.5.16',
298 silly addNameRange     '3.6.17',
298 silly addNameRange     '3.7.2',
298 silly addNameRange     '3.0.0-alpha1',
298 silly addNameRange     '3.0.0-alpha2',
298 silly addNameRange     '3.0.0-rc0',
298 silly addNameRange     '3.6.0-rc0',
298 silly addNameRange     '3.6.0-rc1',
298 silly addNameRange     '3.6.18',
298 silly addNameRange     '3.7.3',
298 silly addNameRange     '3.6.19',
298 silly addNameRange     '3.6.20',
298 silly addNameRange     '3.7.4',
298 silly addNameRange     '3.8.0',
298 silly addNameRange     '3.8.1',
298 silly addNameRange     '3.8.2',
298 silly addNameRange     '3.8.3',
298 silly addNameRange     '3.8.4',
298 silly addNameRange     '3.8.5',
298 silly addNameRange     '3.8.6',
298 silly addNameRange     '3.8.7',
298 silly addNameRange     '3.8.8',
298 silly addNameRange     '3.8.9',
298 silly addNameRange     '3.8.10',
298 silly addNameRange     '3.8.11',
298 silly addNameRange     '3.9.0',
298 silly addNameRange     '3.8.12',
298 silly addNameRange     '3.8.13',
298 silly addNameRange     '3.8.14',
298 silly addNameRange     '3.8.15',
298 silly addNameRange     '3.9.1',
298 silly addNameRange     '3.8.16',
298 silly addNameRange     '3.9.2',
298 silly addNameRange     '3.8.17',
298 silly addNameRange     '3.9.3',
298 silly addNameRange     '3.8.18',
298 silly addNameRange     '3.9.4',
298 silly addNameRange     '3.8.19',
298 silly addNameRange     '3.9.5',
298 silly addNameRange     '3.8.20',
298 silly addNameRange     '3.9.6',
298 silly addNameRange     '3.8.21',
298 silly addNameRange     '3.9.7' ] ]
299 verbose addNamed [ 'mongoose', '3.8.21' ]
300 verbose addNamed [ '3.8.21', '3.8.21' ]
301 silly lockFile e1560adf-mongoose-3-8-21 mongoose@3.8.21
302 verbose lock mongoose@3.8.21 /home/arviind/.npm/e1560adf-mongoose-3-8-21.lock
303 silly lockFile 6496bed2-org-mongoose-mongoose-3-8-21-tgz http://registry.npmjs.org/mongoose/-/mongoose-3.8.21.tgz
304 verbose lock http://registry.npmjs.org/mongoose/-/mongoose-3.8.21.tgz /home/arviind/.npm/6496bed2-org-mongoose-mongoose-3-8-21-tgz.lock
305 verbose addRemoteTarball [ 'http://registry.npmjs.org/mongoose/-/mongoose-3.8.21.tgz',
305 verbose addRemoteTarball   'ba96d6e73b7b73a5c133ca886de316994df2a2f0' ]
306 info retry fetch attempt 1 at 22:02:21
307 verbose fetch to= /tmp/npm-5729-4b2OK27f/registry.npmjs.org/mongoose/-/mongoose-3.8.21.tgz
308 http GET http://registry.npmjs.org/mongoose/-/mongoose-3.8.21.tgz
309 http 200 http://registry.npmjs.org/mongoose/-/mongoose-3.8.21.tgz
310 silly lockFile 6496bed2-org-mongoose-mongoose-3-8-21-tgz http://registry.npmjs.org/mongoose/-/mongoose-3.8.21.tgz
311 silly lockFile 6496bed2-org-mongoose-mongoose-3-8-21-tgz http://registry.npmjs.org/mongoose/-/mongoose-3.8.21.tgz
312 silly lockFile e1560adf-mongoose-3-8-21 mongoose@3.8.21
313 silly lockFile e1560adf-mongoose-3-8-21 mongoose@3.8.21
314 silly lockFile f7a39a0b-mongoose-3-8-20 mongoose@^3.8.20
315 silly lockFile f7a39a0b-mongoose-3-8-20 mongoose@^3.8.20
316 error Error: EACCES, mkdir '/home/arviind/.npm/express-session/1.9.3'
316 error  { [Error: EACCES, mkdir '/home/arviind/.npm/express-session/1.9.3']
316 error   errno: 3,
316 error   code: 'EACCES',
316 error   path: '/home/arviind/.npm/express-session/1.9.3',
316 error   parent: 'simple' }
317 error Please try running this command again as root/Administrator.
318 error System Linux 3.2.0-32-generic
319 error command "/usr/bin/node" "/usr/bin/npm" "install"
320 error cwd /var/www/js/node-map
321 error node -v v0.10.33
322 error npm -v 1.4.28
323 error path /home/arviind/.npm/express-session/1.9.3
324 error code EACCES
325 error errno 3
326 error stack Error: EACCES, mkdir '/home/arviind/.npm/express-session/1.9.3'
327 verbose exit [ 3, true ]
